CRITICAL - 2022-03-12 09:01:13 --> Undefined property: CodeIgniter\View\View::$session
#0 C:\xampp\htdocs\rekam-medis\app\Views\login.php(33): CodeIgniter\Debug\Exceptions->errorHandler(8, 'Undefined prope...', 'C:\\xampp\\htdocs...', 33, Array)
#1 C:\xampp\htdocs\rekam-medis\vendor\codeigniter4\framework\system\View\View.php(210): include('C:\\xampp\\htdocs...')
#2 C:\xampp\htdocs\rekam-medis\vendor\codeigniter4\framework\system\View\View.php(213): CodeIgniter\View\View->CodeIgniter\View\{closure}()
#3 C:\xampp\htdocs\rekam-medis\vendor\codeigniter4\framework\system\Common.php(1089): CodeIgniter\View\View->render('login', Array, true)
#4 C:\xampp\htdocs\rekam-medis\app\Controllers\Home.php(10): view('login')
#5 C:\xampp\htdocs\rekam-medis\vendor\codeigniter4\framework\system\CodeIgniter.php(825): App\Controllers\Home->index()
#6 C:\xampp\htdocs\rekam-medis\vendor\codeigniter4\framework\system\CodeIgniter.php(412): CodeIgniter\CodeIgniter->runController(Object(App\Controllers\Home))
#7 C:\xampp\htdocs\rekam-medis\vendor\codeigniter4\framework\system\CodeIgniter.php(320): CodeIgniter\CodeIgniter->handleRequest(NULL, Object(Config\Cache), false)
#8 C:\xampp\htdocs\rekam-medis\public\index.php(37): CodeIgniter\CodeIgniter->run()
#9 C:\xampp\htdocs\rekam-medis\vendor\codeigniter4\framework\system\Commands\Server\rewrite.php(43): require_once('C:\\xampp\\htdocs...')
#10 {main}
CRITICAL - 2022-03-12 09:10:02 --> Undefined property: CodeIgniter\View\View::$session
#0 C:\xampp\htdocs\rekam-medis\app\Views\login.php(33): CodeIgniter\Debug\Exceptions->errorHandler(8, 'Undefined prope...', 'C:\\xampp\\htdocs...', 33, Array)
#1 C:\xampp\htdocs\rekam-medis\vendor\codeigniter4\framework\system\View\View.php(210): include('C:\\xampp\\htdocs...')
#2 C:\xampp\htdocs\rekam-medis\vendor\codeigniter4\framework\system\View\View.php(213): CodeIgniter\View\View->CodeIgniter\View\{closure}()
#3 C:\xampp\htdocs\rekam-medis\vendor\codeigniter4\framework\system\Common.php(1089): CodeIgniter\View\View->render('login', Array, true)
#4 C:\xampp\htdocs\rekam-medis\app\Controllers\Home.php(10): view('login')
#5 C:\xampp\htdocs\rekam-medis\vendor\codeigniter4\framework\system\CodeIgniter.php(825): App\Controllers\Home->index()
#6 C:\xampp\htdocs\rekam-medis\vendor\codeigniter4\framework\system\CodeIgniter.php(412): CodeIgniter\CodeIgniter->runController(Object(App\Controllers\Home))
#7 C:\xampp\htdocs\rekam-medis\vendor\codeigniter4\framework\system\CodeIgniter.php(320): CodeIgniter\CodeIgniter->handleRequest(NULL, Object(Config\Cache), false)
#8 C:\xampp\htdocs\rekam-medis\public\index.php(37): CodeIgniter\CodeIgniter->run()
#9 C:\xampp\htdocs\rekam-medis\vendor\codeigniter4\framework\system\Commands\Server\rewrite.php(43): require_once('C:\\xampp\\htdocs...')
#10 {main}
CRITICAL - 2022-03-12 09:10:33 --> Undefined property: CodeIgniter\View\View::$session
#0 C:\xampp\htdocs\rekam-medis\app\Views\login.php(33): CodeIgniter\Debug\Exceptions->errorHandler(8, 'Undefined prope...', 'C:\\xampp\\htdocs...', 33, Array)
#1 C:\xampp\htdocs\rekam-medis\vendor\codeigniter4\framework\system\View\View.php(210): include('C:\\xampp\\htdocs...')
#2 C:\xampp\htdocs\rekam-medis\vendor\codeigniter4\framework\system\View\View.php(213): CodeIgniter\View\View->CodeIgniter\View\{closure}()
#3 C:\xampp\htdocs\rekam-medis\vendor\codeigniter4\framework\system\Common.php(1089): CodeIgniter\View\View->render('login', Array, true)
#4 C:\xampp\htdocs\rekam-medis\app\Controllers\Home.php(10): view('login')
#5 C:\xampp\htdocs\rekam-medis\vendor\codeigniter4\framework\system\CodeIgniter.php(825): App\Controllers\Home->index()
#6 C:\xampp\htdocs\rekam-medis\vendor\codeigniter4\framework\system\CodeIgniter.php(412): CodeIgniter\CodeIgniter->runController(Object(App\Controllers\Home))
#7 C:\xampp\htdocs\rekam-medis\vendor\codeigniter4\framework\system\CodeIgniter.php(320): CodeIgniter\CodeIgniter->handleRequest(NULL, Object(Config\Cache), false)
#8 C:\xampp\htdocs\rekam-medis\public\index.php(37): CodeIgniter\CodeIgniter->run()
#9 C:\xampp\htdocs\rekam-medis\vendor\codeigniter4\framework\system\Commands\Server\rewrite.php(43): require_once('C:\\xampp\\htdocs...')
#10 {main}
CRITICAL - 2022-03-12 09:38:06 --> Undefined property: CodeIgniter\View\View::$session
#0 C:\xampp\htdocs\rekam-medis\app\Views\login.php(50): CodeIgniter\Debug\Exceptions->errorHandler(8, 'Undefined prope...', 'C:\\xampp\\htdocs...', 50, Array)
#1 C:\xampp\htdocs\rekam-medis\vendor\codeigniter4\framework\system\View\View.php(210): include('C:\\xampp\\htdocs...')
#2 C:\xampp\htdocs\rekam-medis\vendor\codeigniter4\framework\system\View\View.php(213): CodeIgniter\View\View->CodeIgniter\View\{closure}()
#3 C:\xampp\htdocs\rekam-medis\vendor\codeigniter4\framework\system\Common.php(1089): CodeIgniter\View\View->render('login', Array, true)
#4 C:\xampp\htdocs\rekam-medis\app\Controllers\Home.php(10): view('login')
#5 C:\xampp\htdocs\rekam-medis\vendor\codeigniter4\framework\system\CodeIgniter.php(825): App\Controllers\Home->index()
#6 C:\xampp\htdocs\rekam-medis\vendor\codeigniter4\framework\system\CodeIgniter.php(412): CodeIgniter\CodeIgniter->runController(Object(App\Controllers\Home))
#7 C:\xampp\htdocs\rekam-medis\vendor\codeigniter4\framework\system\CodeIgniter.php(320): CodeIgniter\CodeIgniter->handleRequest(NULL, Object(Config\Cache), false)
#8 C:\xampp\htdocs\rekam-medis\public\index.php(37): CodeIgniter\CodeIgniter->run()
#9 C:\xampp\htdocs\rekam-medis\vendor\codeigniter4\framework\system\Commands\Server\rewrite.php(43): require_once('C:\\xampp\\htdocs...')
#10 {main}
CRITICAL - 2022-03-12 09:40:15 --> Cannot call constructor
#0 C:\xampp\htdocs\rekam-medis\vendor\codeigniter4\framework\system\CodeIgniter.php(802): App\Controllers\Home->__construct()
#1 C:\xampp\htdocs\rekam-medis\vendor\codeigniter4\framework\system\CodeIgniter.php(403): CodeIgniter\CodeIgniter->createController()
#2 C:\xampp\htdocs\rekam-medis\vendor\codeigniter4\framework\system\CodeIgniter.php(320): CodeIgniter\CodeIgniter->handleRequest(NULL, Object(Config\Cache), false)
#3 C:\xampp\htdocs\rekam-medis\public\index.php(37): CodeIgniter\CodeIgniter->run()
#4 C:\xampp\htdocs\rekam-medis\vendor\codeigniter4\framework\system\Commands\Server\rewrite.php(43): require_once('C:\\xampp\\htdocs...')
#5 {main}
CRITICAL - 2022-03-12 09:41:05 --> Cannot call constructor
#0 C:\xampp\htdocs\rekam-medis\vendor\codeigniter4\framework\system\CodeIgniter.php(802): App\Controllers\Home->__construct()
#1 C:\xampp\htdocs\rekam-medis\vendor\codeigniter4\framework\system\CodeIgniter.php(403): CodeIgniter\CodeIgniter->createController()
#2 C:\xampp\htdocs\rekam-medis\vendor\codeigniter4\framework\system\CodeIgniter.php(320): CodeIgniter\CodeIgniter->handleRequest(NULL, Object(Config\Cache), false)
#3 C:\xampp\htdocs\rekam-medis\public\index.php(37): CodeIgniter\CodeIgniter->run()
#4 C:\xampp\htdocs\rekam-medis\vendor\codeigniter4\framework\system\Commands\Server\rewrite.php(43): require_once('C:\\xampp\\htdocs...')
#5 {main}
CRITICAL - 2022-03-12 10:12:22 --> Invalid file: adnin/daftar_admin.php
#0 C:\xampp\htdocs\rekam-medis\vendor\codeigniter4\framework\system\View\View.php(198): CodeIgniter\Exceptions\FrameworkException::forInvalidFile('adnin/daftar_ad...')
#1 C:\xampp\htdocs\rekam-medis\vendor\codeigniter4\framework\system\Common.php(1089): CodeIgniter\View\View->render('adnin/daftar_ad...', Array, true)
#2 C:\xampp\htdocs\rekam-medis\app\Controllers\Home.php(22): view('adnin/daftar_ad...')
#3 C:\xampp\htdocs\rekam-medis\vendor\codeigniter4\framework\system\CodeIgniter.php(825): App\Controllers\Home->login()
#4 C:\xampp\htdocs\rekam-medis\vendor\codeigniter4\framework\system\CodeIgniter.php(412): CodeIgniter\CodeIgniter->runController(Object(App\Controllers\Home))
#5 C:\xampp\htdocs\rekam-medis\vendor\codeigniter4\framework\system\CodeIgniter.php(320): CodeIgniter\CodeIgniter->handleRequest(NULL, Object(Config\Cache), false)
#6 C:\xampp\htdocs\rekam-medis\public\index.php(37): CodeIgniter\CodeIgniter->run()
#7 C:\xampp\htdocs\rekam-medis\vendor\codeigniter4\framework\system\Commands\Server\rewrite.php(43): require_once('C:\\xampp\\htdocs...')
#8 {main}
CRITICAL - 2022-03-12 10:17:24 --> Undefined property: App\Controllers\Home::$input
#0 C:\xampp\htdocs\rekam-medis\app\Controllers\Home.php(17): CodeIgniter\Debug\Exceptions->errorHandler(8, 'Undefined prope...', 'C:\\xampp\\htdocs...', 17, Array)
#1 C:\xampp\htdocs\rekam-medis\vendor\codeigniter4\framework\system\CodeIgniter.php(825): App\Controllers\Home->index()
#2 C:\xampp\htdocs\rekam-medis\vendor\codeigniter4\framework\system\CodeIgniter.php(412): CodeIgniter\CodeIgniter->runController(Object(App\Controllers\Home))
#3 C:\xampp\htdocs\rekam-medis\vendor\codeigniter4\framework\system\CodeIgniter.php(320): CodeIgniter\CodeIgniter->handleRequest(NULL, Object(Config\Cache), false)
#4 C:\xampp\htdocs\rekam-medis\public\index.php(37): CodeIgniter\CodeIgniter->run()
#5 C:\xampp\htdocs\rekam-medis\vendor\codeigniter4\framework\system\Commands\Server\rewrite.php(43): require_once('C:\\xampp\\htdocs...')
#6 {main}
CRITICAL - 2022-03-12 10:17:44 --> Undefined property: App\Controllers\Home::$input
#0 C:\xampp\htdocs\rekam-medis\app\Controllers\Home.php(17): CodeIgniter\Debug\Exceptions->errorHandler(8, 'Undefined prope...', 'C:\\xampp\\htdocs...', 17, Array)
#1 C:\xampp\htdocs\rekam-medis\vendor\codeigniter4\framework\system\CodeIgniter.php(825): App\Controllers\Home->index()
#2 C:\xampp\htdocs\rekam-medis\vendor\codeigniter4\framework\system\CodeIgniter.php(412): CodeIgniter\CodeIgniter->runController(Object(App\Controllers\Home))
#3 C:\xampp\htdocs\rekam-medis\vendor\codeigniter4\framework\system\CodeIgniter.php(320): CodeIgniter\CodeIgniter->handleRequest(NULL, Object(Config\Cache), false)
#4 C:\xampp\htdocs\rekam-medis\public\index.php(37): CodeIgniter\CodeIgniter->run()
#5 C:\xampp\htdocs\rekam-medis\vendor\codeigniter4\framework\system\Commands\Server\rewrite.php(43): require_once('C:\\xampp\\htdocs...')
#6 {main}
CRITICAL - 2022-03-12 10:21:28 --> Undefined property: App\Controllers\Home::$input
#0 C:\xampp\htdocs\rekam-medis\app\Controllers\Home.php(17): CodeIgniter\Debug\Exceptions->errorHandler(8, 'Undefined prope...', 'C:\\xampp\\htdocs...', 17, Array)
#1 C:\xampp\htdocs\rekam-medis\vendor\codeigniter4\framework\system\CodeIgniter.php(825): App\Controllers\Home->index()
#2 C:\xampp\htdocs\rekam-medis\vendor\codeigniter4\framework\system\CodeIgniter.php(412): CodeIgniter\CodeIgniter->runController(Object(App\Controllers\Home))
#3 C:\xampp\htdocs\rekam-medis\vendor\codeigniter4\framework\system\CodeIgniter.php(320): CodeIgniter\CodeIgniter->handleRequest(NULL, Object(Config\Cache), false)
#4 C:\xampp\htdocs\rekam-medis\public\index.php(37): CodeIgniter\CodeIgniter->run()
#5 {main}
CRITICAL - 2022-03-12 10:26:04 --> Undefined property: App\Controllers\Home::$input
#0 C:\xampp\htdocs\rekam-medis\app\Controllers\Home.php(17): CodeIgniter\Debug\Exceptions->errorHandler(8, 'Undefined prope...', 'C:\\xampp\\htdocs...', 17, Array)
#1 C:\xampp\htdocs\rekam-medis\vendor\codeigniter4\framework\system\CodeIgniter.php(825): App\Controllers\Home->index()
#2 C:\xampp\htdocs\rekam-medis\vendor\codeigniter4\framework\system\CodeIgniter.php(412): CodeIgniter\CodeIgniter->runController(Object(App\Controllers\Home))
#3 C:\xampp\htdocs\rekam-medis\vendor\codeigniter4\framework\system\CodeIgniter.php(320): CodeIgniter\CodeIgniter->handleRequest(NULL, Object(Config\Cache), false)
#4 C:\xampp\htdocs\rekam-medis\public\index.php(37): CodeIgniter\CodeIgniter->run()
#5 C:\xampp\htdocs\rekam-medis\vendor\codeigniter4\framework\system\Commands\Server\rewrite.php(43): require_once('C:\\xampp\\htdocs...')
#6 {main}
CRITICAL - 2022-03-12 10:26:06 --> Undefined property: App\Controllers\Home::$input
#0 C:\xampp\htdocs\rekam-medis\app\Controllers\Home.php(17): CodeIgniter\Debug\Exceptions->errorHandler(8, 'Undefined prope...', 'C:\\xampp\\htdocs...', 17, Array)
#1 C:\xampp\htdocs\rekam-medis\vendor\codeigniter4\framework\system\CodeIgniter.php(825): App\Controllers\Home->index()
#2 C:\xampp\htdocs\rekam-medis\vendor\codeigniter4\framework\system\CodeIgniter.php(412): CodeIgniter\CodeIgniter->runController(Object(App\Controllers\Home))
#3 C:\xampp\htdocs\rekam-medis\vendor\codeigniter4\framework\system\CodeIgniter.php(320): CodeIgniter\CodeIgniter->handleRequest(NULL, Object(Config\Cache), false)
#4 C:\xampp\htdocs\rekam-medis\public\index.php(37): CodeIgniter\CodeIgniter->run()
#5 C:\xampp\htdocs\rekam-medis\vendor\codeigniter4\framework\system\Commands\Server\rewrite.php(43): require_once('C:\\xampp\\htdocs...')
#6 {main}
CRITICAL - 2022-03-12 10:26:28 --> Undefined property: App\Controllers\Home::$input
#0 C:\xampp\htdocs\rekam-medis\app\Controllers\Home.php(17): CodeIgniter\Debug\Exceptions->errorHandler(8, 'Undefined prope...', 'C:\\xampp\\htdocs...', 17, Array)
#1 C:\xampp\htdocs\rekam-medis\vendor\codeigniter4\framework\system\CodeIgniter.php(825): App\Controllers\Home->index()
#2 C:\xampp\htdocs\rekam-medis\vendor\codeigniter4\framework\system\CodeIgniter.php(412): CodeIgniter\CodeIgniter->runController(Object(App\Controllers\Home))
#3 C:\xampp\htdocs\rekam-medis\vendor\codeigniter4\framework\system\CodeIgniter.php(320): CodeIgniter\CodeIgniter->handleRequest(NULL, Object(Config\Cache), false)
#4 C:\xampp\htdocs\rekam-medis\public\index.php(37): CodeIgniter\CodeIgniter->run()
#5 C:\xampp\htdocs\rekam-medis\vendor\codeigniter4\framework\system\Commands\Server\rewrite.php(43): require_once('C:\\xampp\\htdocs...')
#6 {main}
CRITICAL - 2022-03-12 10:27:05 --> Undefined property: App\Controllers\Home::$input
#0 C:\xampp\htdocs\rekam-medis\app\Controllers\Home.php(17): CodeIgniter\Debug\Exceptions->errorHandler(8, 'Undefined prope...', 'C:\\xampp\\htdocs...', 17, Array)
#1 C:\xampp\htdocs\rekam-medis\vendor\codeigniter4\framework\system\CodeIgniter.php(825): App\Controllers\Home->index()
#2 C:\xampp\htdocs\rekam-medis\vendor\codeigniter4\framework\system\CodeIgniter.php(412): CodeIgniter\CodeIgniter->runController(Object(App\Controllers\Home))
#3 C:\xampp\htdocs\rekam-medis\vendor\codeigniter4\framework\system\CodeIgniter.php(320): CodeIgniter\CodeIgniter->handleRequest(NULL, Object(Config\Cache), false)
#4 C:\xampp\htdocs\rekam-medis\public\index.php(37): CodeIgniter\CodeIgniter->run()
#5 C:\xampp\htdocs\rekam-medis\vendor\codeigniter4\framework\system\Commands\Server\rewrite.php(43): require_once('C:\\xampp\\htdocs...')
#6 {main}
CRITICAL - 2022-03-12 10:27:54 --> Undefined property: App\Controllers\Home::$input
#0 C:\xampp\htdocs\rekam-medis\app\Controllers\Home.php(17): CodeIgniter\Debug\Exceptions->errorHandler(8, 'Undefined prope...', 'C:\\xampp\\htdocs...', 17, Array)
#1 C:\xampp\htdocs\rekam-medis\vendor\codeigniter4\framework\system\CodeIgniter.php(825): App\Controllers\Home->index()
#2 C:\xampp\htdocs\rekam-medis\vendor\codeigniter4\framework\system\CodeIgniter.php(412): CodeIgniter\CodeIgniter->runController(Object(App\Controllers\Home))
#3 C:\xampp\htdocs\rekam-medis\vendor\codeigniter4\framework\system\CodeIgniter.php(320): CodeIgniter\CodeIgniter->handleRequest(NULL, Object(Config\Cache), false)
#4 C:\xampp\htdocs\rekam-medis\public\index.php(37): CodeIgniter\CodeIgniter->run()
#5 C:\xampp\htdocs\rekam-medis\vendor\codeigniter4\framework\system\Commands\Server\rewrite.php(43): require_once('C:\\xampp\\htdocs...')
#6 {main}
CRITICAL - 2022-03-12 10:28:19 --> Undefined property: App\Controllers\Home::$input
#0 C:\xampp\htdocs\rekam-medis\app\Controllers\Home.php(17): CodeIgniter\Debug\Exceptions->errorHandler(8, 'Undefined prope...', 'C:\\xampp\\htdocs...', 17, Array)
#1 C:\xampp\htdocs\rekam-medis\vendor\codeigniter4\framework\system\CodeIgniter.php(825): App\Controllers\Home->index()
#2 C:\xampp\htdocs\rekam-medis\vendor\codeigniter4\framework\system\CodeIgniter.php(412): CodeIgniter\CodeIgniter->runController(Object(App\Controllers\Home))
#3 C:\xampp\htdocs\rekam-medis\vendor\codeigniter4\framework\system\CodeIgniter.php(320): CodeIgniter\CodeIgniter->handleRequest(NULL, Object(Config\Cache), false)
#4 C:\xampp\htdocs\rekam-medis\public\index.php(37): CodeIgniter\CodeIgniter->run()
#5 C:\xampp\htdocs\rekam-medis\vendor\codeigniter4\framework\system\Commands\Server\rewrite.php(43): require_once('C:\\xampp\\htdocs...')
#6 {main}
CRITICAL - 2022-03-12 10:33:01 --> Undefined property: App\Controllers\Dokter::$input
#0 C:\xampp\htdocs\rekam-medis\app\Controllers\Dokter.php(19): CodeIgniter\Debug\Exceptions->errorHandler(8, 'Undefined prope...', 'C:\\xampp\\htdocs...', 19, Array)
#1 C:\xampp\htdocs\rekam-medis\vendor\codeigniter4\framework\system\CodeIgniter.php(825): App\Controllers\Dokter->Soap()
#2 C:\xampp\htdocs\rekam-medis\vendor\codeigniter4\framework\system\CodeIgniter.php(412): CodeIgniter\CodeIgniter->runController(Object(App\Controllers\Dokter))
#3 C:\xampp\htdocs\rekam-medis\vendor\codeigniter4\framework\system\CodeIgniter.php(320): CodeIgniter\CodeIgniter->handleRequest(NULL, Object(Config\Cache), false)
#4 C:\xampp\htdocs\rekam-medis\public\index.php(37): CodeIgniter\CodeIgniter->run()
#5 C:\xampp\htdocs\rekam-medis\vendor\codeigniter4\framework\system\Commands\Server\rewrite.php(43): require_once('C:\\xampp\\htdocs...')
#6 {main}
CRITICAL - 2022-03-12 10:33:04 --> Undefined property: App\Controllers\Dokter::$input
#0 C:\xampp\htdocs\rekam-medis\app\Controllers\Dokter.php(19): CodeIgniter\Debug\Exceptions->errorHandler(8, 'Undefined prope...', 'C:\\xampp\\htdocs...', 19, Array)
#1 C:\xampp\htdocs\rekam-medis\vendor\codeigniter4\framework\system\CodeIgniter.php(825): App\Controllers\Dokter->Soap()
#2 C:\xampp\htdocs\rekam-medis\vendor\codeigniter4\framework\system\CodeIgniter.php(412): CodeIgniter\CodeIgniter->runController(Object(App\Controllers\Dokter))
#3 C:\xampp\htdocs\rekam-medis\vendor\codeigniter4\framework\system\CodeIgniter.php(320): CodeIgniter\CodeIgniter->handleRequest(NULL, Object(Config\Cache), false)
#4 C:\xampp\htdocs\rekam-medis\public\index.php(37): CodeIgniter\CodeIgniter->run()
#5 C:\xampp\htdocs\rekam-medis\vendor\codeigniter4\framework\system\Commands\Server\rewrite.php(43): require_once('C:\\xampp\\htdocs...')
#6 {main}
CRITICAL - 2022-03-12 10:33:06 --> Undefined property: App\Controllers\Dokter::$input
#0 C:\xampp\htdocs\rekam-medis\app\Controllers\Dokter.php(19): CodeIgniter\Debug\Exceptions->errorHandler(8, 'Undefined prope...', 'C:\\xampp\\htdocs...', 19, Array)
#1 C:\xampp\htdocs\rekam-medis\vendor\codeigniter4\framework\system\CodeIgniter.php(825): App\Controllers\Dokter->Soap()
#2 C:\xampp\htdocs\rekam-medis\vendor\codeigniter4\framework\system\CodeIgniter.php(412): CodeIgniter\CodeIgniter->runController(Object(App\Controllers\Dokter))
#3 C:\xampp\htdocs\rekam-medis\vendor\codeigniter4\framework\system\CodeIgniter.php(320): CodeIgniter\CodeIgniter->handleRequest(NULL, Object(Config\Cache), false)
#4 C:\xampp\htdocs\rekam-medis\public\index.php(37): CodeIgniter\CodeIgniter->run()
#5 C:\xampp\htdocs\rekam-medis\vendor\codeigniter4\framework\system\Commands\Server\rewrite.php(43): require_once('C:\\xampp\\htdocs...')
#6 {main}
CRITICAL - 2022-03-12 10:33:11 --> Undefined property: App\Controllers\Dokter::$input
#0 C:\xampp\htdocs\rekam-medis\app\Controllers\Dokter.php(19): CodeIgniter\Debug\Exceptions->errorHandler(8, 'Undefined prope...', 'C:\\xampp\\htdocs...', 19, Array)
#1 C:\xampp\htdocs\rekam-medis\vendor\codeigniter4\framework\system\CodeIgniter.php(825): App\Controllers\Dokter->Soap()
#2 C:\xampp\htdocs\rekam-medis\vendor\codeigniter4\framework\system\CodeIgniter.php(412): CodeIgniter\CodeIgniter->runController(Object(App\Controllers\Dokter))
#3 C:\xampp\htdocs\rekam-medis\vendor\codeigniter4\framework\system\CodeIgniter.php(320): CodeIgniter\CodeIgniter->handleRequest(NULL, Object(Config\Cache), false)
#4 C:\xampp\htdocs\rekam-medis\public\index.php(37): CodeIgniter\CodeIgniter->run()
#5 C:\xampp\htdocs\rekam-medis\vendor\codeigniter4\framework\system\Commands\Server\rewrite.php(43): require_once('C:\\xampp\\htdocs...')
#6 {main}
CRITICAL - 2022-03-12 10:35:44 --> Undefined property: App\Controllers\Home::$input
#0 C:\xampp\htdocs\rekam-medis\app\Controllers\Home.php(17): CodeIgniter\Debug\Exceptions->errorHandler(8, 'Undefined prope...', 'C:\\xampp\\htdocs...', 17, Array)
#1 C:\xampp\htdocs\rekam-medis\vendor\codeigniter4\framework\system\CodeIgniter.php(825): App\Controllers\Home->index()
#2 C:\xampp\htdocs\rekam-medis\vendor\codeigniter4\framework\system\CodeIgniter.php(412): CodeIgniter\CodeIgniter->runController(Object(App\Controllers\Home))
#3 C:\xampp\htdocs\rekam-medis\vendor\codeigniter4\framework\system\CodeIgniter.php(320): CodeIgniter\CodeIgniter->handleRequest(NULL, Object(Config\Cache), false)
#4 C:\xampp\htdocs\rekam-medis\public\index.php(37): CodeIgniter\CodeIgniter->run()
#5 C:\xampp\htdocs\rekam-medis\vendor\codeigniter4\framework\system\Commands\Server\rewrite.php(43): require_once('C:\\xampp\\htdocs...')
#6 {main}
CRITICAL - 2022-03-12 10:35:49 --> Undefined property: App\Controllers\Home::$input
#0 C:\xampp\htdocs\rekam-medis\app\Controllers\Home.php(17): CodeIgniter\Debug\Exceptions->errorHandler(8, 'Undefined prope...', 'C:\\xampp\\htdocs...', 17, Array)
#1 C:\xampp\htdocs\rekam-medis\vendor\codeigniter4\framework\system\CodeIgniter.php(825): App\Controllers\Home->index()
#2 C:\xampp\htdocs\rekam-medis\vendor\codeigniter4\framework\system\CodeIgniter.php(412): CodeIgniter\CodeIgniter->runController(Object(App\Controllers\Home))
#3 C:\xampp\htdocs\rekam-medis\vendor\codeigniter4\framework\system\CodeIgniter.php(320): CodeIgniter\CodeIgniter->handleRequest(NULL, Object(Config\Cache), false)
#4 C:\xampp\htdocs\rekam-medis\public\index.php(37): CodeIgniter\CodeIgniter->run()
#5 C:\xampp\htdocs\rekam-medis\vendor\codeigniter4\framework\system\Commands\Server\rewrite.php(43): require_once('C:\\xampp\\htdocs...')
#6 {main}
CRITICAL - 2022-03-12 10:36:13 --> Undefined property: App\Controllers\Home::$input
#0 C:\xampp\htdocs\rekam-medis\app\Controllers\Home.php(17): CodeIgniter\Debug\Exceptions->errorHandler(8, 'Undefined prope...', 'C:\\xampp\\htdocs...', 17, Array)
#1 C:\xampp\htdocs\rekam-medis\vendor\codeigniter4\framework\system\CodeIgniter.php(825): App\Controllers\Home->index()
#2 C:\xampp\htdocs\rekam-medis\vendor\codeigniter4\framework\system\CodeIgniter.php(412): CodeIgniter\CodeIgniter->runController(Object(App\Controllers\Home))
#3 C:\xampp\htdocs\rekam-medis\vendor\codeigniter4\framework\system\CodeIgniter.php(320): CodeIgniter\CodeIgniter->handleRequest(NULL, Object(Config\Cache), false)
#4 C:\xampp\htdocs\rekam-medis\public\index.php(37): CodeIgniter\CodeIgniter->run()
#5 C:\xampp\htdocs\rekam-medis\vendor\codeigniter4\framework\system\Commands\Server\rewrite.php(43): require_once('C:\\xampp\\htdocs...')
#6 {main}
CRITICAL - 2022-03-12 10:36:24 --> Undefined property: App\Controllers\Home::$input
#0 C:\xampp\htdocs\rekam-medis\app\Controllers\Home.php(17): CodeIgniter\Debug\Exceptions->errorHandler(8, 'Undefined prope...', 'C:\\xampp\\htdocs...', 17, Array)
#1 C:\xampp\htdocs\rekam-medis\vendor\codeigniter4\framework\system\CodeIgniter.php(825): App\Controllers\Home->index()
#2 C:\xampp\htdocs\rekam-medis\vendor\codeigniter4\framework\system\CodeIgniter.php(412): CodeIgniter\CodeIgniter->runController(Object(App\Controllers\Home))
#3 C:\xampp\htdocs\rekam-medis\vendor\codeigniter4\framework\system\CodeIgniter.php(320): CodeIgniter\CodeIgniter->handleRequest(NULL, Object(Config\Cache), false)
#4 C:\xampp\htdocs\rekam-medis\public\index.php(37): CodeIgniter\CodeIgniter->run()
#5 C:\xampp\htdocs\rekam-medis\vendor\codeigniter4\framework\system\Commands\Server\rewrite.php(43): require_once('C:\\xampp\\htdocs...')
#6 {main}
CRITICAL - 2022-03-12 10:37:43 --> Undefined property: App\Controllers\Home::$input
#0 C:\xampp\htdocs\rekam-medis\app\Controllers\Home.php(17): CodeIgniter\Debug\Exceptions->errorHandler(8, 'Undefined prope...', 'C:\\xampp\\htdocs...', 17, Array)
#1 C:\xampp\htdocs\rekam-medis\vendor\codeigniter4\framework\system\CodeIgniter.php(825): App\Controllers\Home->index()
#2 C:\xampp\htdocs\rekam-medis\vendor\codeigniter4\framework\system\CodeIgniter.php(412): CodeIgniter\CodeIgniter->runController(Object(App\Controllers\Home))
#3 C:\xampp\htdocs\rekam-medis\vendor\codeigniter4\framework\system\CodeIgniter.php(320): CodeIgniter\CodeIgniter->handleRequest(NULL, Object(Config\Cache), false)
#4 C:\xampp\htdocs\rekam-medis\public\index.php(37): CodeIgniter\CodeIgniter->run()
#5 C:\xampp\htdocs\rekam-medis\vendor\codeigniter4\framework\system\Commands\Server\rewrite.php(43): require_once('C:\\xampp\\htdocs...')
#6 {main}
CRITICAL - 2022-03-12 10:38:27 --> Undefined property: App\Controllers\Home::$input
#0 C:\xampp\htdocs\rekam-medis\app\Controllers\Home.php(17): CodeIgniter\Debug\Exceptions->errorHandler(8, 'Undefined prope...', 'C:\\xampp\\htdocs...', 17, Array)
#1 C:\xampp\htdocs\rekam-medis\vendor\codeigniter4\framework\system\CodeIgniter.php(825): App\Controllers\Home->index()
#2 C:\xampp\htdocs\rekam-medis\vendor\codeigniter4\framework\system\CodeIgniter.php(412): CodeIgniter\CodeIgniter->runController(Object(App\Controllers\Home))
#3 C:\xampp\htdocs\rekam-medis\vendor\codeigniter4\framework\system\CodeIgniter.php(320): CodeIgniter\CodeIgniter->handleRequest(NULL, Object(Config\Cache), false)
#4 C:\xampp\htdocs\rekam-medis\public\index.php(37): CodeIgniter\CodeIgniter->run()
#5 C:\xampp\htdocs\rekam-medis\vendor\codeigniter4\framework\system\Commands\Server\rewrite.php(43): require_once('C:\\xampp\\htdocs...')
#6 {main}
