CRITICAL - 2022-03-20 01:45:44 --> Trying to access array offset on value of type null
#0 C:\xampp\htdocs\rekam-medis\app\Controllers\Perawat.php(35): CodeIgniter\Debug\Exceptions->errorHandler(8, 'Trying to acces...', 'C:\\xampp\\htdocs...', 35, Array)
#1 C:\xampp\htdocs\rekam-medis\vendor\codeigniter4\framework\system\CodeIgniter.php(825): App\Controllers\Perawat->insert_assesment('23')
#2 C:\xampp\htdocs\rekam-medis\vendor\codeigniter4\framework\system\CodeIgniter.php(412): CodeIgniter\CodeIgniter->runController(Object(App\Controllers\Perawat))
#3 C:\xampp\htdocs\rekam-medis\vendor\codeigniter4\framework\system\CodeIgniter.php(320): CodeIgniter\CodeIgniter->handleRequest(NULL, Object(Config\Cache), false)
#4 C:\xampp\htdocs\rekam-medis\public\index.php(37): CodeIgniter\CodeIgniter->run()
#5 C:\xampp\htdocs\rekam-medis\vendor\codeigniter4\framework\system\Commands\Server\rewrite.php(43): require_once('C:\\xampp\\htdocs...')
#6 {main}
ERROR - 2022-03-20 01:47:13 --> Column 'frekuensiNafas' cannot be null
CRITICAL - 2022-03-20 01:47:13 --> Column 'frekuensiNafas' cannot be null
#0 C:\xampp\htdocs\rekam-medis\vendor\codeigniter4\framework\system\Database\MySQLi\Connection.php(292): mysqli->query('INSERT INTO `as...', 0)
#1 C:\xampp\htdocs\rekam-medis\vendor\codeigniter4\framework\system\Database\BaseConnection.php(670): CodeIgniter\Database\MySQLi\Connection->execute('INSERT INTO `as...')
#2 C:\xampp\htdocs\rekam-medis\vendor\codeigniter4\framework\system\Database\BaseConnection.php(598): CodeIgniter\Database\BaseConnection->simpleQuery('INSERT INTO `as...')
#3 C:\xampp\htdocs\rekam-medis\vendor\codeigniter4\framework\system\Database\BaseBuilder.php(1771): CodeIgniter\Database\BaseConnection->query('INSERT INTO `as...', Array, false)
#4 C:\xampp\htdocs\rekam-medis\vendor\codeigniter4\framework\system\Model.php(239): CodeIgniter\Database\BaseBuilder->insert()
#5 C:\xampp\htdocs\rekam-medis\vendor\codeigniter4\framework\system\BaseModel.php(738): CodeIgniter\Model->doInsert(Array)
#6 C:\xampp\htdocs\rekam-medis\vendor\codeigniter4\framework\system\Model.php(625): CodeIgniter\BaseModel->insert(Array, false)
#7 C:\xampp\htdocs\rekam-medis\vendor\codeigniter4\framework\system\BaseModel.php(658): CodeIgniter\Model->insert(Array, false)
#8 C:\xampp\htdocs\rekam-medis\app\Controllers\Perawat.php(64): CodeIgniter\BaseModel->save(Array)
#9 C:\xampp\htdocs\rekam-medis\vendor\codeigniter4\framework\system\CodeIgniter.php(825): App\Controllers\Perawat->insert_assesment('23')
#10 C:\xampp\htdocs\rekam-medis\vendor\codeigniter4\framework\system\CodeIgniter.php(412): CodeIgniter\CodeIgniter->runController(Object(App\Controllers\Perawat))
#11 C:\xampp\htdocs\rekam-medis\vendor\codeigniter4\framework\system\CodeIgniter.php(320): CodeIgniter\CodeIgniter->handleRequest(NULL, Object(Config\Cache), false)
#12 C:\xampp\htdocs\rekam-medis\public\index.php(37): CodeIgniter\CodeIgniter->run()
#13 C:\xampp\htdocs\rekam-medis\vendor\codeigniter4\framework\system\Commands\Server\rewrite.php(43): require_once('C:\\xampp\\htdocs...')
#14 {main}
ERROR - 2022-03-20 02:10:50 --> Unknown column 'idPasien' in 'where clause'
CRITICAL - 2022-03-20 02:10:50 --> Unknown column 'idPasien' in 'where clause'
#0 C:\xampp\htdocs\rekam-medis\vendor\codeigniter4\framework\system\Database\MySQLi\Connection.php(292): mysqli->query('SELECT *\nFROM `...', 0)
#1 C:\xampp\htdocs\rekam-medis\vendor\codeigniter4\framework\system\Database\BaseConnection.php(670): CodeIgniter\Database\MySQLi\Connection->execute('SELECT *\nFROM `...')
#2 C:\xampp\htdocs\rekam-medis\vendor\codeigniter4\framework\system\Database\BaseConnection.php(598): CodeIgniter\Database\BaseConnection->simpleQuery('SELECT *\nFROM `...')
#3 C:\xampp\htdocs\rekam-medis\vendor\codeigniter4\framework\system\Database\BaseBuilder.php(1455): CodeIgniter\Database\BaseConnection->query('SELECT *\nFROM `...', Array, false)
#4 C:\xampp\htdocs\rekam-medis\vendor\codeigniter4\framework\system\Model.php(210): CodeIgniter\Database\BaseBuilder->get()
#5 C:\xampp\htdocs\rekam-medis\vendor\codeigniter4\framework\system\BaseModel.php(622): CodeIgniter\Model->doFirst()
#6 C:\xampp\htdocs\rekam-medis\app\Controllers\Dokter.php(33): CodeIgniter\BaseModel->first()
#7 C:\xampp\htdocs\rekam-medis\vendor\codeigniter4\framework\system\CodeIgniter.php(825): App\Controllers\Dokter->insert_soap('22')
#8 C:\xampp\htdocs\rekam-medis\vendor\codeigniter4\framework\system\CodeIgniter.php(412): CodeIgniter\CodeIgniter->runController(Object(App\Controllers\Dokter))
#9 C:\xampp\htdocs\rekam-medis\vendor\codeigniter4\framework\system\CodeIgniter.php(320): CodeIgniter\CodeIgniter->handleRequest(NULL, Object(Config\Cache), false)
#10 C:\xampp\htdocs\rekam-medis\public\index.php(37): CodeIgniter\CodeIgniter->run()
#11 C:\xampp\htdocs\rekam-medis\vendor\codeigniter4\framework\system\Commands\Server\rewrite.php(43): require_once('C:\\xampp\\htdocs...')
#12 {main}
ERROR - 2022-03-20 02:25:21 --> Column 'subjective' cannot be null
CRITICAL - 2022-03-20 02:25:21 --> Column 'subjective' cannot be null
#0 C:\xampp\htdocs\rekam-medis\vendor\codeigniter4\framework\system\Database\MySQLi\Connection.php(292): mysqli->query('INSERT INTO `so...', 0)
#1 C:\xampp\htdocs\rekam-medis\vendor\codeigniter4\framework\system\Database\BaseConnection.php(670): CodeIgniter\Database\MySQLi\Connection->execute('INSERT INTO `so...')
#2 C:\xampp\htdocs\rekam-medis\vendor\codeigniter4\framework\system\Database\BaseConnection.php(598): CodeIgniter\Database\BaseConnection->simpleQuery('INSERT INTO `so...')
#3 C:\xampp\htdocs\rekam-medis\vendor\codeigniter4\framework\system\Database\BaseBuilder.php(1771): CodeIgniter\Database\BaseConnection->query('INSERT INTO `so...', Array, false)
#4 C:\xampp\htdocs\rekam-medis\vendor\codeigniter4\framework\system\Model.php(239): CodeIgniter\Database\BaseBuilder->insert()
#5 C:\xampp\htdocs\rekam-medis\vendor\codeigniter4\framework\system\BaseModel.php(738): CodeIgniter\Model->doInsert(Array)
#6 C:\xampp\htdocs\rekam-medis\vendor\codeigniter4\framework\system\Model.php(625): CodeIgniter\BaseModel->insert(Array, true)
#7 C:\xampp\htdocs\rekam-medis\app\Controllers\Dokter.php(44): CodeIgniter\Model->insert(Array)
#8 C:\xampp\htdocs\rekam-medis\vendor\codeigniter4\framework\system\CodeIgniter.php(825): App\Controllers\Dokter->insert_soap('22')
#9 C:\xampp\htdocs\rekam-medis\vendor\codeigniter4\framework\system\CodeIgniter.php(412): CodeIgniter\CodeIgniter->runController(Object(App\Controllers\Dokter))
#10 C:\xampp\htdocs\rekam-medis\vendor\codeigniter4\framework\system\CodeIgniter.php(320): CodeIgniter\CodeIgniter->handleRequest(NULL, Object(Config\Cache), false)
#11 C:\xampp\htdocs\rekam-medis\public\index.php(37): CodeIgniter\CodeIgniter->run()
#12 C:\xampp\htdocs\rekam-medis\vendor\codeigniter4\framework\system\Commands\Server\rewrite.php(43): require_once('C:\\xampp\\htdocs...')
#13 {main}
CRITICAL - 2022-03-20 02:59:27 --> Undefined index: id
#0 C:\xampp\htdocs\rekam-medis\app\Controllers\Dokter.php(21): CodeIgniter\Debug\Exceptions->errorHandler(8, 'Undefined index...', 'C:\\xampp\\htdocs...', 21, Array)
#1 C:\xampp\htdocs\rekam-medis\vendor\codeigniter4\framework\system\CodeIgniter.php(825): App\Controllers\Dokter->Soap('23')
#2 C:\xampp\htdocs\rekam-medis\vendor\codeigniter4\framework\system\CodeIgniter.php(412): CodeIgniter\CodeIgniter->runController(Object(App\Controllers\Dokter))
#3 C:\xampp\htdocs\rekam-medis\vendor\codeigniter4\framework\system\CodeIgniter.php(320): CodeIgniter\CodeIgniter->handleRequest(NULL, Object(Config\Cache), false)
#4 C:\xampp\htdocs\rekam-medis\public\index.php(37): CodeIgniter\CodeIgniter->run()
#5 C:\xampp\htdocs\rekam-medis\vendor\codeigniter4\framework\system\Commands\Server\rewrite.php(43): require_once('C:\\xampp\\htdocs...')
#6 {main}
CRITICAL - 2022-03-20 02:59:33 --> Undefined index: id
#0 C:\xampp\htdocs\rekam-medis\app\Controllers\Dokter.php(10): CodeIgniter\Debug\Exceptions->errorHandler(8, 'Undefined index...', 'C:\\xampp\\htdocs...', 10, Array)
#1 C:\xampp\htdocs\rekam-medis\vendor\codeigniter4\framework\system\CodeIgniter.php(825): App\Controllers\Dokter->daftar_pasien()
#2 C:\xampp\htdocs\rekam-medis\vendor\codeigniter4\framework\system\CodeIgniter.php(412): CodeIgniter\CodeIgniter->runController(Object(App\Controllers\Dokter))
#3 C:\xampp\htdocs\rekam-medis\vendor\codeigniter4\framework\system\CodeIgniter.php(320): CodeIgniter\CodeIgniter->handleRequest(NULL, Object(Config\Cache), false)
#4 C:\xampp\htdocs\rekam-medis\public\index.php(37): CodeIgniter\CodeIgniter->run()
#5 C:\xampp\htdocs\rekam-medis\vendor\codeigniter4\framework\system\Commands\Server\rewrite.php(43): require_once('C:\\xampp\\htdocs...')
#6 {main}
CRITICAL - 2022-03-20 02:59:35 --> Undefined index: id
#0 C:\xampp\htdocs\rekam-medis\app\Controllers\Dokter.php(10): CodeIgniter\Debug\Exceptions->errorHandler(8, 'Undefined index...', 'C:\\xampp\\htdocs...', 10, Array)
#1 C:\xampp\htdocs\rekam-medis\vendor\codeigniter4\framework\system\CodeIgniter.php(825): App\Controllers\Dokter->daftar_pasien()
#2 C:\xampp\htdocs\rekam-medis\vendor\codeigniter4\framework\system\CodeIgniter.php(412): CodeIgniter\CodeIgniter->runController(Object(App\Controllers\Dokter))
#3 C:\xampp\htdocs\rekam-medis\vendor\codeigniter4\framework\system\CodeIgniter.php(320): CodeIgniter\CodeIgniter->handleRequest(NULL, Object(Config\Cache), false)
#4 C:\xampp\htdocs\rekam-medis\public\index.php(37): CodeIgniter\CodeIgniter->run()
#5 C:\xampp\htdocs\rekam-medis\vendor\codeigniter4\framework\system\Commands\Server\rewrite.php(43): require_once('C:\\xampp\\htdocs...')
#6 {main}
CRITICAL - 2022-03-20 12:43:30 --> Undefined variable: keyword
#0 C:\xampp\htdocs\rekam-medis\app\Views\dokter\soap.php(90): CodeIgniter\Debug\Exceptions->errorHandler(8, 'Undefined varia...', 'C:\\xampp\\htdocs...', 90, Array)
#1 C:\xampp\htdocs\rekam-medis\vendor\codeigniter4\framework\system\View\View.php(210): include('C:\\xampp\\htdocs...')
#2 C:\xampp\htdocs\rekam-medis\vendor\codeigniter4\framework\system\View\View.php(213): CodeIgniter\View\View->CodeIgniter\View\{closure}()
#3 C:\xampp\htdocs\rekam-medis\vendor\codeigniter4\framework\system\Common.php(1089): CodeIgniter\View\View->render('dokter/soap', Array, true)
#4 C:\xampp\htdocs\rekam-medis\app\Controllers\Dokter.php(29): view('dokter/soap', Array)
#5 C:\xampp\htdocs\rekam-medis\vendor\codeigniter4\framework\system\CodeIgniter.php(825): App\Controllers\Dokter->Soap('23')
#6 C:\xampp\htdocs\rekam-medis\vendor\codeigniter4\framework\system\CodeIgniter.php(412): CodeIgniter\CodeIgniter->runController(Object(App\Controllers\Dokter))
#7 C:\xampp\htdocs\rekam-medis\vendor\codeigniter4\framework\system\CodeIgniter.php(320): CodeIgniter\CodeIgniter->handleRequest(NULL, Object(Config\Cache), false)
#8 C:\xampp\htdocs\rekam-medis\public\index.php(37): CodeIgniter\CodeIgniter->run()
#9 C:\xampp\htdocs\rekam-medis\vendor\codeigniter4\framework\system\Commands\Server\rewrite.php(43): require_once('C:\\xampp\\htdocs...')
#10 {main}
CRITICAL - 2022-03-20 12:44:34 --> Undefined variable: keyword
#0 C:\xampp\htdocs\rekam-medis\app\Views\dokter\soap.php(92): CodeIgniter\Debug\Exceptions->errorHandler(8, 'Undefined varia...', 'C:\\xampp\\htdocs...', 92, Array)
#1 C:\xampp\htdocs\rekam-medis\vendor\codeigniter4\framework\system\View\View.php(210): include('C:\\xampp\\htdocs...')
#2 C:\xampp\htdocs\rekam-medis\vendor\codeigniter4\framework\system\View\View.php(213): CodeIgniter\View\View->CodeIgniter\View\{closure}()
#3 C:\xampp\htdocs\rekam-medis\vendor\codeigniter4\framework\system\Common.php(1089): CodeIgniter\View\View->render('dokter/soap', Array, true)
#4 C:\xampp\htdocs\rekam-medis\app\Controllers\Dokter.php(29): view('dokter/soap', Array)
#5 C:\xampp\htdocs\rekam-medis\vendor\codeigniter4\framework\system\CodeIgniter.php(825): App\Controllers\Dokter->Soap('22')
#6 C:\xampp\htdocs\rekam-medis\vendor\codeigniter4\framework\system\CodeIgniter.php(412): CodeIgniter\CodeIgniter->runController(Object(App\Controllers\Dokter))
#7 C:\xampp\htdocs\rekam-medis\vendor\codeigniter4\framework\system\CodeIgniter.php(320): CodeIgniter\CodeIgniter->handleRequest(NULL, Object(Config\Cache), false)
#8 C:\xampp\htdocs\rekam-medis\public\index.php(37): CodeIgniter\CodeIgniter->run()
#9 C:\xampp\htdocs\rekam-medis\vendor\codeigniter4\framework\system\Commands\Server\rewrite.php(43): require_once('C:\\xampp\\htdocs...')
#10 {main}
CRITICAL - 2022-03-20 12:45:10 --> Undefined variable: keyword
#0 C:\xampp\htdocs\rekam-medis\app\Views\dokter\soap.php(92): CodeIgniter\Debug\Exceptions->errorHandler(8, 'Undefined varia...', 'C:\\xampp\\htdocs...', 92, Array)
#1 C:\xampp\htdocs\rekam-medis\vendor\codeigniter4\framework\system\View\View.php(210): include('C:\\xampp\\htdocs...')
#2 C:\xampp\htdocs\rekam-medis\vendor\codeigniter4\framework\system\View\View.php(213): CodeIgniter\View\View->CodeIgniter\View\{closure}()
#3 C:\xampp\htdocs\rekam-medis\vendor\codeigniter4\framework\system\Common.php(1089): CodeIgniter\View\View->render('dokter/soap', Array, true)
#4 C:\xampp\htdocs\rekam-medis\app\Controllers\Dokter.php(29): view('dokter/soap', Array)
#5 C:\xampp\htdocs\rekam-medis\vendor\codeigniter4\framework\system\CodeIgniter.php(825): App\Controllers\Dokter->Soap('23')
#6 C:\xampp\htdocs\rekam-medis\vendor\codeigniter4\framework\system\CodeIgniter.php(412): CodeIgniter\CodeIgniter->runController(Object(App\Controllers\Dokter))
#7 C:\xampp\htdocs\rekam-medis\vendor\codeigniter4\framework\system\CodeIgniter.php(320): CodeIgniter\CodeIgniter->handleRequest(NULL, Object(Config\Cache), false)
#8 C:\xampp\htdocs\rekam-medis\public\index.php(37): CodeIgniter\CodeIgniter->run()
#9 C:\xampp\htdocs\rekam-medis\vendor\codeigniter4\framework\system\Commands\Server\rewrite.php(43): require_once('C:\\xampp\\htdocs...')
#10 {main}
CRITICAL - 2022-03-20 12:46:52 --> Undefined variable: keyword
#0 C:\xampp\htdocs\rekam-medis\app\Views\dokter\soap.php(95): CodeIgniter\Debug\Exceptions->errorHandler(8, 'Undefined varia...', 'C:\\xampp\\htdocs...', 95, Array)
#1 C:\xampp\htdocs\rekam-medis\vendor\codeigniter4\framework\system\View\View.php(210): include('C:\\xampp\\htdocs...')
#2 C:\xampp\htdocs\rekam-medis\vendor\codeigniter4\framework\system\View\View.php(213): CodeIgniter\View\View->CodeIgniter\View\{closure}()
#3 C:\xampp\htdocs\rekam-medis\vendor\codeigniter4\framework\system\Common.php(1089): CodeIgniter\View\View->render('dokter/soap', Array, true)
#4 C:\xampp\htdocs\rekam-medis\app\Controllers\Dokter.php(29): view('dokter/soap', Array)
#5 C:\xampp\htdocs\rekam-medis\vendor\codeigniter4\framework\system\CodeIgniter.php(825): App\Controllers\Dokter->Soap('23')
#6 C:\xampp\htdocs\rekam-medis\vendor\codeigniter4\framework\system\CodeIgniter.php(412): CodeIgniter\CodeIgniter->runController(Object(App\Controllers\Dokter))
#7 C:\xampp\htdocs\rekam-medis\vendor\codeigniter4\framework\system\CodeIgniter.php(320): CodeIgniter\CodeIgniter->handleRequest(NULL, Object(Config\Cache), false)
#8 C:\xampp\htdocs\rekam-medis\public\index.php(37): CodeIgniter\CodeIgniter->run()
#9 C:\xampp\htdocs\rekam-medis\vendor\codeigniter4\framework\system\Commands\Server\rewrite.php(43): require_once('C:\\xampp\\htdocs...')
#10 {main}
CRITICAL - 2022-03-20 12:47:07 --> Undefined variable: keyword
#0 C:\xampp\htdocs\rekam-medis\app\Views\dokter\soap.php(95): CodeIgniter\Debug\Exceptions->errorHandler(8, 'Undefined varia...', 'C:\\xampp\\htdocs...', 95, Array)
#1 C:\xampp\htdocs\rekam-medis\vendor\codeigniter4\framework\system\View\View.php(210): include('C:\\xampp\\htdocs...')
#2 C:\xampp\htdocs\rekam-medis\vendor\codeigniter4\framework\system\View\View.php(213): CodeIgniter\View\View->CodeIgniter\View\{closure}()
#3 C:\xampp\htdocs\rekam-medis\vendor\codeigniter4\framework\system\Common.php(1089): CodeIgniter\View\View->render('dokter/soap', Array, true)
#4 C:\xampp\htdocs\rekam-medis\app\Controllers\Dokter.php(29): view('dokter/soap', Array)
#5 C:\xampp\htdocs\rekam-medis\vendor\codeigniter4\framework\system\CodeIgniter.php(825): App\Controllers\Dokter->Soap('23')
#6 C:\xampp\htdocs\rekam-medis\vendor\codeigniter4\framework\system\CodeIgniter.php(412): CodeIgniter\CodeIgniter->runController(Object(App\Controllers\Dokter))
#7 C:\xampp\htdocs\rekam-medis\vendor\codeigniter4\framework\system\CodeIgniter.php(320): CodeIgniter\CodeIgniter->handleRequest(NULL, Object(Config\Cache), false)
#8 C:\xampp\htdocs\rekam-medis\public\index.php(37): CodeIgniter\CodeIgniter->run()
#9 C:\xampp\htdocs\rekam-medis\vendor\codeigniter4\framework\system\Commands\Server\rewrite.php(43): require_once('C:\\xampp\\htdocs...')
#10 {main}
CRITICAL - 2022-03-20 12:58:41 --> Undefined variable: keyword
#0 C:\xampp\htdocs\rekam-medis\app\Views\dokter\soap.php(102): CodeIgniter\Debug\Exceptions->errorHandler(8, 'Undefined varia...', 'C:\\xampp\\htdocs...', 102, Array)
#1 C:\xampp\htdocs\rekam-medis\vendor\codeigniter4\framework\system\View\View.php(210): include('C:\\xampp\\htdocs...')
#2 C:\xampp\htdocs\rekam-medis\vendor\codeigniter4\framework\system\View\View.php(213): CodeIgniter\View\View->CodeIgniter\View\{closure}()
#3 C:\xampp\htdocs\rekam-medis\vendor\codeigniter4\framework\system\Common.php(1089): CodeIgniter\View\View->render('dokter/soap', Array, true)
#4 C:\xampp\htdocs\rekam-medis\app\Controllers\Dokter.php(29): view('dokter/soap', Array)
#5 C:\xampp\htdocs\rekam-medis\vendor\codeigniter4\framework\system\CodeIgniter.php(825): App\Controllers\Dokter->Soap('23')
#6 C:\xampp\htdocs\rekam-medis\vendor\codeigniter4\framework\system\CodeIgniter.php(412): CodeIgniter\CodeIgniter->runController(Object(App\Controllers\Dokter))
#7 C:\xampp\htdocs\rekam-medis\vendor\codeigniter4\framework\system\CodeIgniter.php(320): CodeIgniter\CodeIgniter->handleRequest(NULL, Object(Config\Cache), false)
#8 C:\xampp\htdocs\rekam-medis\public\index.php(37): CodeIgniter\CodeIgniter->run()
#9 C:\xampp\htdocs\rekam-medis\vendor\codeigniter4\framework\system\Commands\Server\rewrite.php(43): require_once('C:\\xampp\\htdocs...')
#10 {main}
CRITICAL - 2022-03-20 12:58:45 --> Undefined variable: keyword
#0 C:\xampp\htdocs\rekam-medis\app\Views\dokter\soap.php(102): CodeIgniter\Debug\Exceptions->errorHandler(8, 'Undefined varia...', 'C:\\xampp\\htdocs...', 102, Array)
#1 C:\xampp\htdocs\rekam-medis\vendor\codeigniter4\framework\system\View\View.php(210): include('C:\\xampp\\htdocs...')
#2 C:\xampp\htdocs\rekam-medis\vendor\codeigniter4\framework\system\View\View.php(213): CodeIgniter\View\View->CodeIgniter\View\{closure}()
#3 C:\xampp\htdocs\rekam-medis\vendor\codeigniter4\framework\system\Common.php(1089): CodeIgniter\View\View->render('dokter/soap', Array, true)
#4 C:\xampp\htdocs\rekam-medis\app\Controllers\Dokter.php(29): view('dokter/soap', Array)
#5 C:\xampp\htdocs\rekam-medis\vendor\codeigniter4\framework\system\CodeIgniter.php(825): App\Controllers\Dokter->Soap('23')
#6 C:\xampp\htdocs\rekam-medis\vendor\codeigniter4\framework\system\CodeIgniter.php(412): CodeIgniter\CodeIgniter->runController(Object(App\Controllers\Dokter))
#7 C:\xampp\htdocs\rekam-medis\vendor\codeigniter4\framework\system\CodeIgniter.php(320): CodeIgniter\CodeIgniter->handleRequest(NULL, Object(Config\Cache), false)
#8 C:\xampp\htdocs\rekam-medis\public\index.php(37): CodeIgniter\CodeIgniter->run()
#9 C:\xampp\htdocs\rekam-medis\vendor\codeigniter4\framework\system\Commands\Server\rewrite.php(43): require_once('C:\\xampp\\htdocs...')
#10 {main}
CRITICAL - 2022-03-20 12:59:22 --> Undefined variable: keyword
#0 C:\xampp\htdocs\rekam-medis\app\Views\dokter\soap.php(102): CodeIgniter\Debug\Exceptions->errorHandler(8, 'Undefined varia...', 'C:\\xampp\\htdocs...', 102, Array)
#1 C:\xampp\htdocs\rekam-medis\vendor\codeigniter4\framework\system\View\View.php(210): include('C:\\xampp\\htdocs...')
#2 C:\xampp\htdocs\rekam-medis\vendor\codeigniter4\framework\system\View\View.php(213): CodeIgniter\View\View->CodeIgniter\View\{closure}()
#3 C:\xampp\htdocs\rekam-medis\vendor\codeigniter4\framework\system\Common.php(1089): CodeIgniter\View\View->render('dokter/soap', Array, true)
#4 C:\xampp\htdocs\rekam-medis\app\Controllers\Dokter.php(29): view('dokter/soap', Array)
#5 C:\xampp\htdocs\rekam-medis\vendor\codeigniter4\framework\system\CodeIgniter.php(825): App\Controllers\Dokter->Soap('23')
#6 C:\xampp\htdocs\rekam-medis\vendor\codeigniter4\framework\system\CodeIgniter.php(412): CodeIgniter\CodeIgniter->runController(Object(App\Controllers\Dokter))
#7 C:\xampp\htdocs\rekam-medis\vendor\codeigniter4\framework\system\CodeIgniter.php(320): CodeIgniter\CodeIgniter->handleRequest(NULL, Object(Config\Cache), false)
#8 C:\xampp\htdocs\rekam-medis\public\index.php(37): CodeIgniter\CodeIgniter->run()
#9 C:\xampp\htdocs\rekam-medis\vendor\codeigniter4\framework\system\Commands\Server\rewrite.php(43): require_once('C:\\xampp\\htdocs...')
#10 {main}
CRITICAL - 2022-03-20 13:04:38 --> Undefined variable: data
#0 C:\xampp\htdocs\rekam-medis\app\Views\dokter\soap.php(5): CodeIgniter\Debug\Exceptions->errorHandler(8, 'Undefined varia...', 'C:\\xampp\\htdocs...', 5, Array)
#1 C:\xampp\htdocs\rekam-medis\vendor\codeigniter4\framework\system\View\View.php(210): include('C:\\xampp\\htdocs...')
#2 C:\xampp\htdocs\rekam-medis\vendor\codeigniter4\framework\system\View\View.php(213): CodeIgniter\View\View->CodeIgniter\View\{closure}()
#3 C:\xampp\htdocs\rekam-medis\vendor\codeigniter4\framework\system\Common.php(1089): CodeIgniter\View\View->render('dokter/soap', Array, true)
#4 C:\xampp\htdocs\rekam-medis\app\Controllers\Dokter.php(28): view('dokter/soap', Array)
#5 C:\xampp\htdocs\rekam-medis\vendor\codeigniter4\framework\system\CodeIgniter.php(825): App\Controllers\Dokter->Soap('23')
#6 C:\xampp\htdocs\rekam-medis\vendor\codeigniter4\framework\system\CodeIgniter.php(412): CodeIgniter\CodeIgniter->runController(Object(App\Controllers\Dokter))
#7 C:\xampp\htdocs\rekam-medis\vendor\codeigniter4\framework\system\CodeIgniter.php(320): CodeIgniter\CodeIgniter->handleRequest(NULL, Object(Config\Cache), false)
#8 C:\xampp\htdocs\rekam-medis\public\index.php(37): CodeIgniter\CodeIgniter->run()
#9 C:\xampp\htdocs\rekam-medis\vendor\codeigniter4\framework\system\Commands\Server\rewrite.php(43): require_once('C:\\xampp\\htdocs...')
#10 {main}
CRITICAL - 2022-03-20 13:05:00 --> syntax error, unexpected ')', expecting ']'
#0 C:\xampp\htdocs\rekam-medis\vendor\codeigniter4\framework\system\View\View.php(213): CodeIgniter\View\View->CodeIgniter\View\{closure}()
#1 C:\xampp\htdocs\rekam-medis\vendor\codeigniter4\framework\system\Common.php(1089): CodeIgniter\View\View->render('dokter/soap', Array, true)
#2 C:\xampp\htdocs\rekam-medis\app\Controllers\Dokter.php(28): view('dokter/soap', Array)
#3 C:\xampp\htdocs\rekam-medis\vendor\codeigniter4\framework\system\CodeIgniter.php(825): App\Controllers\Dokter->Soap('23')
#4 C:\xampp\htdocs\rekam-medis\vendor\codeigniter4\framework\system\CodeIgniter.php(412): CodeIgniter\CodeIgniter->runController(Object(App\Controllers\Dokter))
#5 C:\xampp\htdocs\rekam-medis\vendor\codeigniter4\framework\system\CodeIgniter.php(320): CodeIgniter\CodeIgniter->handleRequest(NULL, Object(Config\Cache), false)
#6 C:\xampp\htdocs\rekam-medis\public\index.php(37): CodeIgniter\CodeIgniter->run()
#7 C:\xampp\htdocs\rekam-medis\vendor\codeigniter4\framework\system\Commands\Server\rewrite.php(43): require_once('C:\\xampp\\htdocs...')
#8 {main}
CRITICAL - 2022-03-20 13:06:22 --> Undefined variable: selectedTemplate
#0 C:\xampp\htdocs\rekam-medis\app\Views\dokter\soap.php(102): CodeIgniter\Debug\Exceptions->errorHandler(8, 'Undefined varia...', 'C:\\xampp\\htdocs...', 102, Array)
#1 C:\xampp\htdocs\rekam-medis\vendor\codeigniter4\framework\system\View\View.php(210): include('C:\\xampp\\htdocs...')
#2 C:\xampp\htdocs\rekam-medis\vendor\codeigniter4\framework\system\View\View.php(213): CodeIgniter\View\View->CodeIgniter\View\{closure}()
#3 C:\xampp\htdocs\rekam-medis\vendor\codeigniter4\framework\system\Common.php(1089): CodeIgniter\View\View->render('dokter/soap', Array, true)
#4 C:\xampp\htdocs\rekam-medis\app\Controllers\Dokter.php(28): view('dokter/soap', Array)
#5 C:\xampp\htdocs\rekam-medis\vendor\codeigniter4\framework\system\CodeIgniter.php(825): App\Controllers\Dokter->Soap('23')
#6 C:\xampp\htdocs\rekam-medis\vendor\codeigniter4\framework\system\CodeIgniter.php(412): CodeIgniter\CodeIgniter->runController(Object(App\Controllers\Dokter))
#7 C:\xampp\htdocs\rekam-medis\vendor\codeigniter4\framework\system\CodeIgniter.php(320): CodeIgniter\CodeIgniter->handleRequest(NULL, Object(Config\Cache), false)
#8 C:\xampp\htdocs\rekam-medis\public\index.php(37): CodeIgniter\CodeIgniter->run()
#9 C:\xampp\htdocs\rekam-medis\vendor\codeigniter4\framework\system\Commands\Server\rewrite.php(43): require_once('C:\\xampp\\htdocs...')
#10 {main}
CRITICAL - 2022-03-20 13:06:24 --> Undefined variable: selectedTemplate
#0 C:\xampp\htdocs\rekam-medis\app\Views\dokter\soap.php(102): CodeIgniter\Debug\Exceptions->errorHandler(8, 'Undefined varia...', 'C:\\xampp\\htdocs...', 102, Array)
#1 C:\xampp\htdocs\rekam-medis\vendor\codeigniter4\framework\system\View\View.php(210): include('C:\\xampp\\htdocs...')
#2 C:\xampp\htdocs\rekam-medis\vendor\codeigniter4\framework\system\View\View.php(213): CodeIgniter\View\View->CodeIgniter\View\{closure}()
#3 C:\xampp\htdocs\rekam-medis\vendor\codeigniter4\framework\system\Common.php(1089): CodeIgniter\View\View->render('dokter/soap', Array, true)
#4 C:\xampp\htdocs\rekam-medis\app\Controllers\Dokter.php(28): view('dokter/soap', Array)
#5 C:\xampp\htdocs\rekam-medis\vendor\codeigniter4\framework\system\CodeIgniter.php(825): App\Controllers\Dokter->Soap('22')
#6 C:\xampp\htdocs\rekam-medis\vendor\codeigniter4\framework\system\CodeIgniter.php(412): CodeIgniter\CodeIgniter->runController(Object(App\Controllers\Dokter))
#7 C:\xampp\htdocs\rekam-medis\vendor\codeigniter4\framework\system\CodeIgniter.php(320): CodeIgniter\CodeIgniter->handleRequest(NULL, Object(Config\Cache), false)
#8 C:\xampp\htdocs\rekam-medis\public\index.php(37): CodeIgniter\CodeIgniter->run()
#9 C:\xampp\htdocs\rekam-medis\vendor\codeigniter4\framework\system\Commands\Server\rewrite.php(43): require_once('C:\\xampp\\htdocs...')
#10 {main}
CRITICAL - 2022-03-20 13:06:27 --> Undefined variable: selectedTemplate
#0 C:\xampp\htdocs\rekam-medis\app\Views\dokter\soap.php(102): CodeIgniter\Debug\Exceptions->errorHandler(8, 'Undefined varia...', 'C:\\xampp\\htdocs...', 102, Array)
#1 C:\xampp\htdocs\rekam-medis\vendor\codeigniter4\framework\system\View\View.php(210): include('C:\\xampp\\htdocs...')
#2 C:\xampp\htdocs\rekam-medis\vendor\codeigniter4\framework\system\View\View.php(213): CodeIgniter\View\View->CodeIgniter\View\{closure}()
#3 C:\xampp\htdocs\rekam-medis\vendor\codeigniter4\framework\system\Common.php(1089): CodeIgniter\View\View->render('dokter/soap', Array, true)
#4 C:\xampp\htdocs\rekam-medis\app\Controllers\Dokter.php(28): view('dokter/soap', Array)
#5 C:\xampp\htdocs\rekam-medis\vendor\codeigniter4\framework\system\CodeIgniter.php(825): App\Controllers\Dokter->Soap('23')
#6 C:\xampp\htdocs\rekam-medis\vendor\codeigniter4\framework\system\CodeIgniter.php(412): CodeIgniter\CodeIgniter->runController(Object(App\Controllers\Dokter))
#7 C:\xampp\htdocs\rekam-medis\vendor\codeigniter4\framework\system\CodeIgniter.php(320): CodeIgniter\CodeIgniter->handleRequest(NULL, Object(Config\Cache), false)
#8 C:\xampp\htdocs\rekam-medis\public\index.php(37): CodeIgniter\CodeIgniter->run()
#9 C:\xampp\htdocs\rekam-medis\vendor\codeigniter4\framework\system\Commands\Server\rewrite.php(43): require_once('C:\\xampp\\htdocs...')
#10 {main}
CRITICAL - 2022-03-20 13:06:53 --> Illegal string offset 'subjective'
#0 C:\xampp\htdocs\rekam-medis\app\Views\dokter\soap.php(102): CodeIgniter\Debug\Exceptions->errorHandler(2, 'Illegal string ...', 'C:\\xampp\\htdocs...', 102, Array)
#1 C:\xampp\htdocs\rekam-medis\vendor\codeigniter4\framework\system\View\View.php(210): include('C:\\xampp\\htdocs...')
#2 C:\xampp\htdocs\rekam-medis\vendor\codeigniter4\framework\system\View\View.php(213): CodeIgniter\View\View->CodeIgniter\View\{closure}()
#3 C:\xampp\htdocs\rekam-medis\vendor\codeigniter4\framework\system\Common.php(1089): CodeIgniter\View\View->render('dokter/soap', Array, true)
#4 C:\xampp\htdocs\rekam-medis\app\Controllers\Dokter.php(28): view('dokter/soap', Array)
#5 C:\xampp\htdocs\rekam-medis\vendor\codeigniter4\framework\system\CodeIgniter.php(825): App\Controllers\Dokter->Soap('23')
#6 C:\xampp\htdocs\rekam-medis\vendor\codeigniter4\framework\system\CodeIgniter.php(412): CodeIgniter\CodeIgniter->runController(Object(App\Controllers\Dokter))
#7 C:\xampp\htdocs\rekam-medis\vendor\codeigniter4\framework\system\CodeIgniter.php(320): CodeIgniter\CodeIgniter->handleRequest(NULL, Object(Config\Cache), false)
#8 C:\xampp\htdocs\rekam-medis\public\index.php(37): CodeIgniter\CodeIgniter->run()
#9 C:\xampp\htdocs\rekam-medis\vendor\codeigniter4\framework\system\Commands\Server\rewrite.php(43): require_once('C:\\xampp\\htdocs...')
#10 {main}
CRITICAL - 2022-03-20 13:08:37 --> Undefined variable: selectedTemplate
#0 C:\xampp\htdocs\rekam-medis\app\Views\dokter\soap.php(103): CodeIgniter\Debug\Exceptions->errorHandler(8, 'Undefined varia...', 'C:\\xampp\\htdocs...', 103, Array)
#1 C:\xampp\htdocs\rekam-medis\vendor\codeigniter4\framework\system\View\View.php(210): include('C:\\xampp\\htdocs...')
#2 C:\xampp\htdocs\rekam-medis\vendor\codeigniter4\framework\system\View\View.php(213): CodeIgniter\View\View->CodeIgniter\View\{closure}()
#3 C:\xampp\htdocs\rekam-medis\vendor\codeigniter4\framework\system\Common.php(1089): CodeIgniter\View\View->render('dokter/soap', Array, true)
#4 C:\xampp\htdocs\rekam-medis\app\Controllers\Dokter.php(28): view('dokter/soap', Array)
#5 C:\xampp\htdocs\rekam-medis\vendor\codeigniter4\framework\system\CodeIgniter.php(825): App\Controllers\Dokter->Soap('23')
#6 C:\xampp\htdocs\rekam-medis\vendor\codeigniter4\framework\system\CodeIgniter.php(412): CodeIgniter\CodeIgniter->runController(Object(App\Controllers\Dokter))
#7 C:\xampp\htdocs\rekam-medis\vendor\codeigniter4\framework\system\CodeIgniter.php(320): CodeIgniter\CodeIgniter->handleRequest(NULL, Object(Config\Cache), false)
#8 C:\xampp\htdocs\rekam-medis\public\index.php(37): CodeIgniter\CodeIgniter->run()
#9 C:\xampp\htdocs\rekam-medis\vendor\codeigniter4\framework\system\Commands\Server\rewrite.php(43): require_once('C:\\xampp\\htdocs...')
#10 {main}
CRITICAL - 2022-03-20 13:09:31 --> Undefined variable: array_search
#0 C:\xampp\htdocs\rekam-medis\app\Views\dokter\soap.php(6): CodeIgniter\Debug\Exceptions->errorHandler(8, 'Undefined varia...', 'C:\\xampp\\htdocs...', 6, Array)
#1 C:\xampp\htdocs\rekam-medis\vendor\codeigniter4\framework\system\View\View.php(210): include('C:\\xampp\\htdocs...')
#2 C:\xampp\htdocs\rekam-medis\vendor\codeigniter4\framework\system\View\View.php(213): CodeIgniter\View\View->CodeIgniter\View\{closure}()
#3 C:\xampp\htdocs\rekam-medis\vendor\codeigniter4\framework\system\Common.php(1089): CodeIgniter\View\View->render('dokter/soap', Array, true)
#4 C:\xampp\htdocs\rekam-medis\app\Controllers\Dokter.php(28): view('dokter/soap', Array)
#5 C:\xampp\htdocs\rekam-medis\vendor\codeigniter4\framework\system\CodeIgniter.php(825): App\Controllers\Dokter->Soap('23')
#6 C:\xampp\htdocs\rekam-medis\vendor\codeigniter4\framework\system\CodeIgniter.php(412): CodeIgniter\CodeIgniter->runController(Object(App\Controllers\Dokter))
#7 C:\xampp\htdocs\rekam-medis\vendor\codeigniter4\framework\system\CodeIgniter.php(320): CodeIgniter\CodeIgniter->handleRequest(NULL, Object(Config\Cache), false)
#8 C:\xampp\htdocs\rekam-medis\public\index.php(37): CodeIgniter\CodeIgniter->run()
#9 C:\xampp\htdocs\rekam-medis\vendor\codeigniter4\framework\system\Commands\Server\rewrite.php(43): require_once('C:\\xampp\\htdocs...')
#10 {main}
CRITICAL - 2022-03-20 13:26:30 --> Too few arguments to function App\Controllers\Perawat::Assesment(), 0 passed in C:\xampp\htdocs\rekam-medis\vendor\codeigniter4\framework\system\CodeIgniter.php on line 825 and exactly 1 expected
#0 C:\xampp\htdocs\rekam-medis\vendor\codeigniter4\framework\system\CodeIgniter.php(825): App\Controllers\Perawat->Assesment()
#1 C:\xampp\htdocs\rekam-medis\vendor\codeigniter4\framework\system\CodeIgniter.php(412): CodeIgniter\CodeIgniter->runController(Object(App\Controllers\Perawat))
#2 C:\xampp\htdocs\rekam-medis\vendor\codeigniter4\framework\system\CodeIgniter.php(320): CodeIgniter\CodeIgniter->handleRequest(NULL, Object(Config\Cache), false)
#3 C:\xampp\htdocs\rekam-medis\public\index.php(37): CodeIgniter\CodeIgniter->run()
#4 C:\xampp\htdocs\rekam-medis\vendor\codeigniter4\framework\system\Commands\Server\rewrite.php(43): require_once('C:\\xampp\\htdocs...')
#5 {main}
CRITICAL - 2022-03-20 13:27:56 --> Undefined variable: nama
#0 C:\xampp\htdocs\rekam-medis\app\Views\include\header.php(41): CodeIgniter\Debug\Exceptions->errorHandler(8, 'Undefined varia...', 'C:\\xampp\\htdocs...', 41, Array)
#1 C:\xampp\htdocs\rekam-medis\vendor\codeigniter4\framework\system\View\View.php(210): include('C:\\xampp\\htdocs...')
#2 C:\xampp\htdocs\rekam-medis\vendor\codeigniter4\framework\system\View\View.php(213): CodeIgniter\View\View->CodeIgniter\View\{closure}()
#3 C:\xampp\htdocs\rekam-medis\vendor\codeigniter4\framework\system\Common.php(1089): CodeIgniter\View\View->render('include/header', Array, true)
#4 C:\xampp\htdocs\rekam-medis\app\Controllers\Admin.php(13): view('include/header', Array)
#5 C:\xampp\htdocs\rekam-medis\vendor\codeigniter4\framework\system\CodeIgniter.php(825): App\Controllers\Admin->tambah_pasien()
#6 C:\xampp\htdocs\rekam-medis\vendor\codeigniter4\framework\system\CodeIgniter.php(412): CodeIgniter\CodeIgniter->runController(Object(App\Controllers\Admin))
#7 C:\xampp\htdocs\rekam-medis\vendor\codeigniter4\framework\system\CodeIgniter.php(320): CodeIgniter\CodeIgniter->handleRequest(NULL, Object(Config\Cache), false)
#8 C:\xampp\htdocs\rekam-medis\public\index.php(37): CodeIgniter\CodeIgniter->run()
#9 C:\xampp\htdocs\rekam-medis\vendor\codeigniter4\framework\system\Commands\Server\rewrite.php(43): require_once('C:\\xampp\\htdocs...')
#10 {main}
CRITICAL - 2022-03-20 13:28:39 --> Too few arguments to function App\Controllers\Admin::data_admin(), 0 passed in C:\xampp\htdocs\rekam-medis\vendor\codeigniter4\framework\system\CodeIgniter.php on line 825 and exactly 1 expected
#0 C:\xampp\htdocs\rekam-medis\vendor\codeigniter4\framework\system\CodeIgniter.php(825): App\Controllers\Admin->data_admin()
#1 C:\xampp\htdocs\rekam-medis\vendor\codeigniter4\framework\system\CodeIgniter.php(412): CodeIgniter\CodeIgniter->runController(Object(App\Controllers\Admin))
#2 C:\xampp\htdocs\rekam-medis\vendor\codeigniter4\framework\system\CodeIgniter.php(320): CodeIgniter\CodeIgniter->handleRequest(NULL, Object(Config\Cache), false)
#3 C:\xampp\htdocs\rekam-medis\public\index.php(37): CodeIgniter\CodeIgniter->run()
#4 C:\xampp\htdocs\rekam-medis\vendor\codeigniter4\framework\system\Commands\Server\rewrite.php(43): require_once('C:\\xampp\\htdocs...')
#5 {main}
CRITICAL - 2022-03-20 13:39:31 --> Constant expression contains invalid operations
#0 [internal function]: CodeIgniter\Debug\Exceptions->shutdownHandler()
#1 {main}
CRITICAL - 2022-03-20 13:40:02 --> Constant expression contains invalid operations
#0 [internal function]: CodeIgniter\Debug\Exceptions->shutdownHandler()
#1 {main}
CRITICAL - 2022-03-20 13:41:27 --> Undefined variable: _SESSION
#0 C:\xampp\htdocs\rekam-medis\app\Controllers\Admin.php(10): CodeIgniter\Debug\Exceptions->errorHandler(8, 'Undefined varia...', 'C:\\xampp\\htdocs...', 10, Array)
#1 C:\xampp\htdocs\rekam-medis\vendor\codeigniter4\framework\system\CodeIgniter.php(825): App\Controllers\Admin->tambah_pasien()
#2 C:\xampp\htdocs\rekam-medis\vendor\codeigniter4\framework\system\CodeIgniter.php(412): CodeIgniter\CodeIgniter->runController(Object(App\Controllers\Admin))
#3 C:\xampp\htdocs\rekam-medis\vendor\codeigniter4\framework\system\CodeIgniter.php(320): CodeIgniter\CodeIgniter->handleRequest(NULL, Object(Config\Cache), false)
#4 C:\xampp\htdocs\rekam-medis\public\index.php(37): CodeIgniter\CodeIgniter->run()
#5 C:\xampp\htdocs\rekam-medis\vendor\codeigniter4\framework\system\Commands\Server\rewrite.php(43): require_once('C:\\xampp\\htdocs...')
#6 {main}
CRITICAL - 2022-03-20 13:48:41 --> syntax error, unexpected '}', expecting ';' or ','
#0 C:\xampp\htdocs\rekam-medis\vendor\codeigniter4\framework\system\View\View.php(213): CodeIgniter\View\View->CodeIgniter\View\{closure}()
#1 C:\xampp\htdocs\rekam-medis\vendor\codeigniter4\framework\system\Common.php(1089): CodeIgniter\View\View->render('admin/daftar_pa...', Array, true)
#2 C:\xampp\htdocs\rekam-medis\app\Controllers\Admin.php(24): view('admin/daftar_pa...', Array)
#3 C:\xampp\htdocs\rekam-medis\vendor\codeigniter4\framework\system\CodeIgniter.php(825): App\Controllers\Admin->daftar_pasien()
#4 C:\xampp\htdocs\rekam-medis\vendor\codeigniter4\framework\system\CodeIgniter.php(412): CodeIgniter\CodeIgniter->runController(Object(App\Controllers\Admin))
#5 C:\xampp\htdocs\rekam-medis\vendor\codeigniter4\framework\system\CodeIgniter.php(320): CodeIgniter\CodeIgniter->handleRequest(NULL, Object(Config\Cache), false)
#6 C:\xampp\htdocs\rekam-medis\public\index.php(37): CodeIgniter\CodeIgniter->run()
#7 C:\xampp\htdocs\rekam-medis\vendor\codeigniter4\framework\system\Commands\Server\rewrite.php(43): require_once('C:\\xampp\\htdocs...')
#8 {main}
CRITICAL - 2022-03-20 13:48:48 --> syntax error, unexpected '}', expecting ';' or ','
#0 C:\xampp\htdocs\rekam-medis\vendor\codeigniter4\framework\system\View\View.php(213): CodeIgniter\View\View->CodeIgniter\View\{closure}()
#1 C:\xampp\htdocs\rekam-medis\vendor\codeigniter4\framework\system\Common.php(1089): CodeIgniter\View\View->render('admin/daftar_pa...', Array, true)
#2 C:\xampp\htdocs\rekam-medis\app\Controllers\Admin.php(24): view('admin/daftar_pa...', Array)
#3 C:\xampp\htdocs\rekam-medis\vendor\codeigniter4\framework\system\CodeIgniter.php(825): App\Controllers\Admin->daftar_pasien()
#4 C:\xampp\htdocs\rekam-medis\vendor\codeigniter4\framework\system\CodeIgniter.php(412): CodeIgniter\CodeIgniter->runController(Object(App\Controllers\Admin))
#5 C:\xampp\htdocs\rekam-medis\vendor\codeigniter4\framework\system\CodeIgniter.php(320): CodeIgniter\CodeIgniter->handleRequest(NULL, Object(Config\Cache), false)
#6 C:\xampp\htdocs\rekam-medis\public\index.php(37): CodeIgniter\CodeIgniter->run()
#7 C:\xampp\htdocs\rekam-medis\vendor\codeigniter4\framework\system\Commands\Server\rewrite.php(43): require_once('C:\\xampp\\htdocs...')
#8 {main}
CRITICAL - 2022-03-20 13:48:57 --> Undefined property: CodeIgniter\View\View::$session
#0 C:\xampp\htdocs\rekam-medis\app\Views\admin\daftar_pasien.php(28): CodeIgniter\Debug\Exceptions->errorHandler(8, 'Undefined prope...', 'C:\\xampp\\htdocs...', 28, Array)
#1 C:\xampp\htdocs\rekam-medis\vendor\codeigniter4\framework\system\View\View.php(210): include('C:\\xampp\\htdocs...')
#2 C:\xampp\htdocs\rekam-medis\vendor\codeigniter4\framework\system\View\View.php(213): CodeIgniter\View\View->CodeIgniter\View\{closure}()
#3 C:\xampp\htdocs\rekam-medis\vendor\codeigniter4\framework\system\Common.php(1089): CodeIgniter\View\View->render('admin/daftar_pa...', Array, true)
#4 C:\xampp\htdocs\rekam-medis\app\Controllers\Admin.php(24): view('admin/daftar_pa...', Array)
#5 C:\xampp\htdocs\rekam-medis\vendor\codeigniter4\framework\system\CodeIgniter.php(825): App\Controllers\Admin->daftar_pasien()
#6 C:\xampp\htdocs\rekam-medis\vendor\codeigniter4\framework\system\CodeIgniter.php(412): CodeIgniter\CodeIgniter->runController(Object(App\Controllers\Admin))
#7 C:\xampp\htdocs\rekam-medis\vendor\codeigniter4\framework\system\CodeIgniter.php(320): CodeIgniter\CodeIgniter->handleRequest(NULL, Object(Config\Cache), false)
#8 C:\xampp\htdocs\rekam-medis\public\index.php(37): CodeIgniter\CodeIgniter->run()
#9 C:\xampp\htdocs\rekam-medis\vendor\codeigniter4\framework\system\Commands\Server\rewrite.php(43): require_once('C:\\xampp\\htdocs...')
#10 {main}
CRITICAL - 2022-03-20 13:50:44 --> Cannot call constructor
#0 C:\xampp\htdocs\rekam-medis\vendor\codeigniter4\framework\system\CodeIgniter.php(802): App\Controllers\Admin->__construct()
#1 C:\xampp\htdocs\rekam-medis\vendor\codeigniter4\framework\system\CodeIgniter.php(403): CodeIgniter\CodeIgniter->createController()
#2 C:\xampp\htdocs\rekam-medis\vendor\codeigniter4\framework\system\CodeIgniter.php(320): CodeIgniter\CodeIgniter->handleRequest(NULL, Object(Config\Cache), false)
#3 C:\xampp\htdocs\rekam-medis\public\index.php(37): CodeIgniter\CodeIgniter->run()
#4 C:\xampp\htdocs\rekam-medis\vendor\codeigniter4\framework\system\Commands\Server\rewrite.php(43): require_once('C:\\xampp\\htdocs...')
#5 {main}
CRITICAL - 2022-03-20 13:50:53 --> Undefined property: App\Controllers\Admin::$load
#0 C:\xampp\htdocs\rekam-medis\app\Controllers\Admin.php(10): CodeIgniter\Debug\Exceptions->errorHandler(8, 'Undefined prope...', 'C:\\xampp\\htdocs...', 10, Array)
#1 C:\xampp\htdocs\rekam-medis\vendor\codeigniter4\framework\system\CodeIgniter.php(802): App\Controllers\Admin->__construct()
#2 C:\xampp\htdocs\rekam-medis\vendor\codeigniter4\framework\system\CodeIgniter.php(403): CodeIgniter\CodeIgniter->createController()
#3 C:\xampp\htdocs\rekam-medis\vendor\codeigniter4\framework\system\CodeIgniter.php(320): CodeIgniter\CodeIgniter->handleRequest(NULL, Object(Config\Cache), false)
#4 C:\xampp\htdocs\rekam-medis\public\index.php(37): CodeIgniter\CodeIgniter->run()
#5 C:\xampp\htdocs\rekam-medis\vendor\codeigniter4\framework\system\Commands\Server\rewrite.php(43): require_once('C:\\xampp\\htdocs...')
#6 {main}
CRITICAL - 2022-03-20 13:51:01 --> Undefined property: App\Controllers\Admin::$load
#0 C:\xampp\htdocs\rekam-medis\app\Controllers\Admin.php(10): CodeIgniter\Debug\Exceptions->errorHandler(8, 'Undefined prope...', 'C:\\xampp\\htdocs...', 10, Array)
#1 C:\xampp\htdocs\rekam-medis\vendor\codeigniter4\framework\system\CodeIgniter.php(802): App\Controllers\Admin->__construct()
#2 C:\xampp\htdocs\rekam-medis\vendor\codeigniter4\framework\system\CodeIgniter.php(403): CodeIgniter\CodeIgniter->createController()
#3 C:\xampp\htdocs\rekam-medis\vendor\codeigniter4\framework\system\CodeIgniter.php(320): CodeIgniter\CodeIgniter->handleRequest(NULL, Object(Config\Cache), false)
#4 C:\xampp\htdocs\rekam-medis\public\index.php(37): CodeIgniter\CodeIgniter->run()
#5 C:\xampp\htdocs\rekam-medis\vendor\codeigniter4\framework\system\Commands\Server\rewrite.php(43): require_once('C:\\xampp\\htdocs...')
#6 {main}
CRITICAL - 2022-03-20 13:56:59 --> Undefined property: App\Controllers\Admin::$load
#0 C:\xampp\htdocs\rekam-medis\app\Controllers\Admin.php(10): CodeIgniter\Debug\Exceptions->errorHandler(8, 'Undefined prope...', 'C:\\xampp\\htdocs...', 10, Array)
#1 C:\xampp\htdocs\rekam-medis\vendor\codeigniter4\framework\system\CodeIgniter.php(802): App\Controllers\Admin->__construct()
#2 C:\xampp\htdocs\rekam-medis\vendor\codeigniter4\framework\system\CodeIgniter.php(403): CodeIgniter\CodeIgniter->createController()
#3 C:\xampp\htdocs\rekam-medis\vendor\codeigniter4\framework\system\CodeIgniter.php(320): CodeIgniter\CodeIgniter->handleRequest(NULL, Object(Config\Cache), false)
#4 C:\xampp\htdocs\rekam-medis\public\index.php(37): CodeIgniter\CodeIgniter->run()
#5 C:\xampp\htdocs\rekam-medis\vendor\codeigniter4\framework\system\Commands\Server\rewrite.php(43): require_once('C:\\xampp\\htdocs...')
#6 {main}
CRITICAL - 2022-03-20 13:57:00 --> Undefined property: App\Controllers\Admin::$load
#0 C:\xampp\htdocs\rekam-medis\app\Controllers\Admin.php(10): CodeIgniter\Debug\Exceptions->errorHandler(8, 'Undefined prope...', 'C:\\xampp\\htdocs...', 10, Array)
#1 C:\xampp\htdocs\rekam-medis\vendor\codeigniter4\framework\system\CodeIgniter.php(802): App\Controllers\Admin->__construct()
#2 C:\xampp\htdocs\rekam-medis\vendor\codeigniter4\framework\system\CodeIgniter.php(403): CodeIgniter\CodeIgniter->createController()
#3 C:\xampp\htdocs\rekam-medis\vendor\codeigniter4\framework\system\CodeIgniter.php(320): CodeIgniter\CodeIgniter->handleRequest(NULL, Object(Config\Cache), false)
#4 C:\xampp\htdocs\rekam-medis\public\index.php(37): CodeIgniter\CodeIgniter->run()
#5 C:\xampp\htdocs\rekam-medis\vendor\codeigniter4\framework\system\Commands\Server\rewrite.php(43): require_once('C:\\xampp\\htdocs...')
#6 {main}
CRITICAL - 2022-03-20 14:16:13 --> Trying to access array offset on value of type null
#0 C:\xampp\htdocs\rekam-medis\app\Views\admin\daftar_pasien.php(17): CodeIgniter\Debug\Exceptions->errorHandler(8, 'Trying to acces...', 'C:\\xampp\\htdocs...', 17, Array)
#1 C:\xampp\htdocs\rekam-medis\vendor\codeigniter4\framework\system\View\View.php(210): include('C:\\xampp\\htdocs...')
#2 C:\xampp\htdocs\rekam-medis\vendor\codeigniter4\framework\system\View\View.php(213): CodeIgniter\View\View->CodeIgniter\View\{closure}()
#3 C:\xampp\htdocs\rekam-medis\vendor\codeigniter4\framework\system\Common.php(1089): CodeIgniter\View\View->render('admin/daftar_pa...', Array, true)
#4 C:\xampp\htdocs\rekam-medis\app\Controllers\Admin.php(25): view('admin/daftar_pa...', Array)
#5 C:\xampp\htdocs\rekam-medis\vendor\codeigniter4\framework\system\CodeIgniter.php(825): App\Controllers\Admin->daftar_pasien()
#6 C:\xampp\htdocs\rekam-medis\vendor\codeigniter4\framework\system\CodeIgniter.php(412): CodeIgniter\CodeIgniter->runController(Object(App\Controllers\Admin))
#7 C:\xampp\htdocs\rekam-medis\vendor\codeigniter4\framework\system\CodeIgniter.php(320): CodeIgniter\CodeIgniter->handleRequest(NULL, Object(Config\Cache), false)
#8 C:\xampp\htdocs\rekam-medis\public\index.php(37): CodeIgniter\CodeIgniter->run()
#9 C:\xampp\htdocs\rekam-medis\vendor\codeigniter4\framework\system\Commands\Server\rewrite.php(43): require_once('C:\\xampp\\htdocs...')
#10 {main}
CRITICAL - 2022-03-20 14:22:43 --> Trying to access array offset on value of type null
#0 C:\xampp\htdocs\rekam-medis\app\Controllers\Admin.php(416): CodeIgniter\Debug\Exceptions->errorHandler(8, 'Trying to acces...', 'C:\\xampp\\htdocs...', 416, Array)
#1 C:\xampp\htdocs\rekam-medis\vendor\codeigniter4\framework\system\CodeIgniter.php(825): App\Controllers\Admin->delete_perawat('4')
#2 C:\xampp\htdocs\rekam-medis\vendor\codeigniter4\framework\system\CodeIgniter.php(412): CodeIgniter\CodeIgniter->runController(Object(App\Controllers\Admin))
#3 C:\xampp\htdocs\rekam-medis\vendor\codeigniter4\framework\system\CodeIgniter.php(320): CodeIgniter\CodeIgniter->handleRequest(NULL, Object(Config\Cache), false)
#4 C:\xampp\htdocs\rekam-medis\public\index.php(37): CodeIgniter\CodeIgniter->run()
#5 C:\xampp\htdocs\rekam-medis\vendor\codeigniter4\framework\system\Commands\Server\rewrite.php(43): require_once('C:\\xampp\\htdocs...')
#6 {main}
ERROR - 2022-03-20 14:23:36 --> Duplicate entry 'admin' for key 'PRIMARY'
CRITICAL - 2022-03-20 14:23:36 --> Duplicate entry 'admin' for key 'PRIMARY'
#0 C:\xampp\htdocs\rekam-medis\vendor\codeigniter4\framework\system\Database\MySQLi\Connection.php(292): mysqli->query('INSERT INTO `tb...', 0)
#1 C:\xampp\htdocs\rekam-medis\vendor\codeigniter4\framework\system\Database\BaseConnection.php(670): CodeIgniter\Database\MySQLi\Connection->execute('INSERT INTO `tb...')
#2 C:\xampp\htdocs\rekam-medis\vendor\codeigniter4\framework\system\Database\BaseConnection.php(598): CodeIgniter\Database\BaseConnection->simpleQuery('INSERT INTO `tb...')
#3 C:\xampp\htdocs\rekam-medis\vendor\codeigniter4\framework\system\Database\BaseBuilder.php(1771): CodeIgniter\Database\BaseConnection->query('INSERT INTO `tb...', Array, false)
#4 C:\xampp\htdocs\rekam-medis\vendor\codeigniter4\framework\system\Model.php(239): CodeIgniter\Database\BaseBuilder->insert()
#5 C:\xampp\htdocs\rekam-medis\vendor\codeigniter4\framework\system\BaseModel.php(738): CodeIgniter\Model->doInsert(Array)
#6 C:\xampp\htdocs\rekam-medis\vendor\codeigniter4\framework\system\Model.php(625): CodeIgniter\BaseModel->insert(Array, true)
#7 C:\xampp\htdocs\rekam-medis\app\Controllers\Admin.php(486): CodeIgniter\Model->insert(Array)
#8 C:\xampp\htdocs\rekam-medis\vendor\codeigniter4\framework\system\CodeIgniter.php(825): App\Controllers\Admin->insert_admin()
#9 C:\xampp\htdocs\rekam-medis\vendor\codeigniter4\framework\system\CodeIgniter.php(412): CodeIgniter\CodeIgniter->runController(Object(App\Controllers\Admin))
#10 C:\xampp\htdocs\rekam-medis\vendor\codeigniter4\framework\system\CodeIgniter.php(320): CodeIgniter\CodeIgniter->handleRequest(NULL, Object(Config\Cache), false)
#11 C:\xampp\htdocs\rekam-medis\public\index.php(37): CodeIgniter\CodeIgniter->run()
#12 C:\xampp\htdocs\rekam-medis\vendor\codeigniter4\framework\system\Commands\Server\rewrite.php(43): require_once('C:\\xampp\\htdocs...')
#13 {main}
